<?xml version="1.0" encoding="UTF-8"?>
<!-- Generated by org.testng.reporters.JUnitXMLReporter -->
<testsuite hostname="WKWIN3661704" ignored="10" name="Test" tests="25" failures="0" timestamp="2020-10-19T21:57:30 IST" time="7.357" errors="0">
  <testcase name="@BeforeTest driverInitiate" time="7.072" classname="com.gamestop.tests_staging.GameStop_E2E_prod">
    <failure type="java.lang.NullPointerException">
      <![CDATA[java.lang.NullPointerException
at com.gamestop.workflows.Home_Stage.getURL(Home_Stage.java:56)
at com.gamestop.tests_staging.GameStop_E2E_prod.driverInitiate(GameStop_E2E_prod.java:47)
... Removed 24 stack frames]]>
    </failure>
  </testcase> <!-- @BeforeTest driverInitiate -->
  <testcase name="@BeforeTest driverInitiate" time="-1.603124850577E9" classname="com.gamestop.tests_staging.GameStop_E2E_stage">
    <skipped/>
  </testcase> <!-- @BeforeTest driverInitiate -->
  <testcase name="@BeforeTest driverInitiate" time="-1.603124850577E9" classname="com.gamestop.tests_staging.GameStop_Mobile_Prod">
    <skipped/>
  </testcase> <!-- @BeforeTest driverInitiate -->
  <testcase name="@BeforeTest driverInitiate" time="-1.603124850593E9" classname="com.gamestop.tests_staging.GameStop_Mobile_Stage">
    <skipped/>
  </testcase> <!-- @BeforeTest driverInitiate -->
  <testcase name="@AfterMethod extentReportTearDown" time="-1.603124850624E9" classname="com.gamestop.resources.Base">
    <skipped/>
  </testcase> <!-- @AfterMethod extentReportTearDown -->
  <testcase name="@AfterMethod extentReportTearDown" time="-1.603124850646E9" classname="com.gamestop.resources.Base">
    <skipped/>
  </testcase> <!-- @AfterMethod extentReportTearDown -->
  <testcase name="@AfterMethod extentReportTearDown" time="-1.603124850646E9" classname="com.gamestop.resources.Base">
    <skipped/>
  </testcase> <!-- @AfterMethod extentReportTearDown -->
  <testcase name="@AfterMethod extentReportTearDown" time="-1.603124850662E9" classname="com.gamestop.resources.Base">
    <skipped/>
  </testcase> <!-- @AfterMethod extentReportTearDown -->
  <testcase name="@AfterMethod extentReportTearDown" time="-1.603124850662E9" classname="com.gamestop.resources.Base">
    <skipped/>
  </testcase> <!-- @AfterMethod extentReportTearDown -->
  <testcase name="@AfterMethod extentReportTearDown" time="-1.603124850677E9" classname="com.gamestop.resources.Base">
    <skipped/>
  </testcase> <!-- @AfterMethod extentReportTearDown -->
  <testcase name="@AfterMethod extentReportTearDown" time="-1.603124850693E9" classname="com.gamestop.resources.Base">
    <skipped/>
  </testcase> <!-- @AfterMethod extentReportTearDown -->
  <testcase name="@AfterMethod extentReportTearDown" time="-1.603124850709E9" classname="com.gamestop.resources.Base">
    <skipped/>
  </testcase> <!-- @AfterMethod extentReportTearDown -->
  <testcase name="@AfterMethod extentReportTearDown" time="-1.603124850709E9" classname="com.gamestop.resources.Base">
    <skipped/>
  </testcase> <!-- @AfterMethod extentReportTearDown -->
  <testcase name="@AfterMethod extentReportTearDown" time="-1.603124850724E9" classname="com.gamestop.resources.Base">
    <skipped/>
  </testcase> <!-- @AfterMethod extentReportTearDown -->
  <testcase name="@AfterMethod extentReportTearDown" time="-1.603124850724E9" classname="com.gamestop.resources.Base">
    <skipped/>
  </testcase> <!-- @AfterMethod extentReportTearDown -->
  <testcase name="@AfterMethod extentReportTearDown" time="-1.60312485074E9" classname="com.gamestop.resources.Base">
    <skipped/>
  </testcase> <!-- @AfterMethod extentReportTearDown -->
  <testcase name="@AfterMethod extentReportTearDown" time="-1.603124850746E9" classname="com.gamestop.resources.Base">
    <skipped/>
  </testcase> <!-- @AfterMethod extentReportTearDown -->
  <testcase name="@AfterMethod extentReportTearDown" time="-1.603124850762E9" classname="com.gamestop.resources.Base">
    <skipped/>
  </testcase> <!-- @AfterMethod extentReportTearDown -->
  <testcase name="@AfterMethod extentReportTearDown" time="-1.603124850762E9" classname="com.gamestop.resources.Base">
    <skipped/>
  </testcase> <!-- @AfterMethod extentReportTearDown -->
  <testcase name="@AfterMethod extentReportTearDown" time="-1.603124850778E9" classname="com.gamestop.resources.Base">
    <skipped/>
  </testcase> <!-- @AfterMethod extentReportTearDown -->
  <testcase name="@AfterMethod extentReportTearDown" time="-1.603124850778E9" classname="com.gamestop.resources.Base">
    <skipped/>
  </testcase> <!-- @AfterMethod extentReportTearDown -->
  <testcase name="@AfterMethod extentReportTearDown" time="-1.603124850778E9" classname="com.gamestop.resources.Base">
    <skipped/>
  </testcase> <!-- @AfterMethod extentReportTearDown -->
  <testcase name="@AfterMethod extentReportTearDown" time="-1.603124850793E9" classname="com.gamestop.resources.Base">
    <skipped/>
  </testcase> <!-- @AfterMethod extentReportTearDown -->
  <testcase name="@AfterMethod extentReportTearDown" time="-1.603124850824E9" classname="com.gamestop.resources.Base">
    <skipped/>
  </testcase> <!-- @AfterMethod extentReportTearDown -->
  <testcase name="@AfterMethod extentReportTearDown" time="-1.603124850824E9" classname="com.gamestop.resources.Base">
    <skipped/>
  </testcase> <!-- @AfterMethod extentReportTearDown -->
  <testcase name="@AfterMethod extentReportTearDown" time="-1.60312485084E9" classname="com.gamestop.resources.Base">
    <skipped/>
  </testcase> <!-- @AfterMethod extentReportTearDown -->
  <testcase name="@AfterMethod extentReportTearDown" time="-1.603124850847E9" classname="com.gamestop.resources.Base">
    <skipped/>
  </testcase> <!-- @AfterMethod extentReportTearDown -->
  <testcase name="@AfterMethod extentReportTearDown" time="-1.603124850847E9" classname="com.gamestop.resources.Base">
    <skipped/>
  </testcase> <!-- @AfterMethod extentReportTearDown -->
  <testcase name="@AfterMethod extentReportTearDown" time="-1.603124850862E9" classname="com.gamestop.resources.Base">
    <skipped/>
  </testcase> <!-- @AfterMethod extentReportTearDown -->
  <testcase name="videoGames" time="0.0" classname="com.gamestop.tests_staging.GameStop_E2E_stage">
    <skipped/>
  </testcase> <!-- videoGames -->
  <testcase name="accessories" time="0.0" classname="com.gamestop.tests_staging.GameStop_E2E_stage">
    <skipped/>
  </testcase> <!-- accessories -->
  <testcase name="toysAndCollectiblies" time="0.0" classname="com.gamestop.tests_staging.GameStop_E2E_stage">
    <skipped/>
  </testcase> <!-- toysAndCollectiblies -->
  <testcase name="electronics" time="0.0" classname="com.gamestop.tests_staging.GameStop_E2E_stage">
    <skipped/>
  </testcase> <!-- electronics -->
  <testcase name="clothing" time="0.0" classname="com.gamestop.tests_staging.GameStop_E2E_stage">
    <skipped/>
  </testcase> <!-- clothing -->
  <testcase name="dealsOfTheDay" time="0.0" classname="com.gamestop.tests_staging.GameStop_E2E_stage">
    <skipped/>
  </testcase> <!-- dealsOfTheDay -->
  <testcase name="giftCards" time="0.0" classname="com.gamestop.tests_staging.GameStop_E2E_stage">
    <skipped/>
  </testcase> <!-- giftCards -->
  <testcase name="accessories_validation" time="0.0" classname="com.gamestop.tests_staging.GameStop_E2E_prod">
    <skipped/>
  </testcase> <!-- accessories_validation -->
  <testcase name="clothing_validations" time="0.0" classname="com.gamestop.tests_staging.GameStop_E2E_prod">
    <skipped/>
  </testcase> <!-- clothing_validations -->
  <testcase name="deals_validation" time="0.0" classname="com.gamestop.tests_staging.GameStop_E2E_prod">
    <skipped/>
  </testcase> <!-- deals_validation -->
  <testcase name="electronics_validation" time="0.0" classname="com.gamestop.tests_staging.GameStop_E2E_prod">
    <skipped/>
  </testcase> <!-- electronics_validation -->
  <testcase name="homePage_Validation" time="0.0" classname="com.gamestop.tests_staging.GameStop_E2E_prod">
    <skipped/>
  </testcase> <!-- homePage_Validation -->
  <testcase name="videoGames_ContentValidation" time="0.0" classname="com.gamestop.tests_staging.GameStop_E2E_prod">
    <skipped/>
  </testcase> <!-- videoGames_ContentValidation -->
  <testcase name="accessories_ContentaValidation" time="0.0" classname="com.gamestop.tests_staging.GameStop_Mobile_Stage">
    <skipped/>
  </testcase> <!-- accessories_ContentaValidation -->
  <testcase name="clothing_Validation" time="0.0" classname="com.gamestop.tests_staging.GameStop_Mobile_Stage">
    <skipped/>
  </testcase> <!-- clothing_Validation -->
  <testcase name="deals_Validation" time="0.0" classname="com.gamestop.tests_staging.GameStop_Mobile_Stage">
    <skipped/>
  </testcase> <!-- deals_Validation -->
  <testcase name="homePage_contentValidation" time="0.0" classname="com.gamestop.tests_staging.GameStop_Mobile_Stage">
    <skipped/>
  </testcase> <!-- homePage_contentValidation -->
  <testcase name="toysAndCollectibiles_validation" time="0.0" classname="com.gamestop.tests_staging.GameStop_Mobile_Stage">
    <skipped/>
  </testcase> <!-- toysAndCollectibiles_validation -->
  <testcase name="videoGames_ContentValidation" time="0.0" classname="com.gamestop.tests_staging.GameStop_Mobile_Stage">
    <skipped/>
  </testcase> <!-- videoGames_ContentValidation -->
  <testcase name="accessories_validation" time="0.0" classname="com.gamestop.tests_staging.GameStop_Mobile_Prod">
    <skipped/>
  </testcase> <!-- accessories_validation -->
  <testcase name="clothing_validation" time="0.0" classname="com.gamestop.tests_staging.GameStop_Mobile_Prod">
    <skipped/>
  </testcase> <!-- clothing_validation -->
  <testcase name="deals_validation" time="0.0" classname="com.gamestop.tests_staging.GameStop_Mobile_Prod">
    <skipped/>
  </testcase> <!-- deals_validation -->
  <testcase name="homepage_mob_Validation" time="0.0" classname="com.gamestop.tests_staging.GameStop_Mobile_Prod">
    <skipped/>
  </testcase> <!-- homepage_mob_Validation -->
  <testcase name="toysAndCollectibiles" time="0.0" classname="com.gamestop.tests_staging.GameStop_Mobile_Prod">
    <skipped/>
  </testcase> <!-- toysAndCollectibiles -->
  <testcase name="videoGames_validation" time="0.0" classname="com.gamestop.tests_staging.GameStop_Mobile_Prod">
    <skipped/>
  </testcase> <!-- videoGames_validation -->
  <testcase name="@AfterSuite ExtentClose" time="0.0" classname="com.gamestop.resources.Base">
    <ignored/>
  </testcase> <!-- @AfterSuite ExtentClose -->
  <testcase name="@AfterSuite ExtentClose" time="0.0" classname="com.gamestop.resources.Base">
    <ignored/>
  </testcase> <!-- @AfterSuite ExtentClose -->
  <testcase name="@AfterSuite ExtentClose" time="0.0" classname="com.gamestop.resources.Base">
    <ignored/>
  </testcase> <!-- @AfterSuite ExtentClose -->
  <testcase name="homePage" time="0.0" classname="com.gamestop.tests_staging.GameStop_E2E_stage">
    <ignored/>
  </testcase> <!-- homePage -->
  <testcase name="@BeforeSuite extentReportSetup" time="0.0" classname="com.gamestop.resources.Base">
    <ignored/>
  </testcase> <!-- @BeforeSuite extentReportSetup -->
  <testcase name="@BeforeSuite extentReportSetup" time="0.0" classname="com.gamestop.resources.Base">
    <ignored/>
  </testcase> <!-- @BeforeSuite extentReportSetup -->
  <testcase name="@BeforeSuite extentReportSetup" time="0.0" classname="com.gamestop.resources.Base">
    <ignored/>
  </testcase> <!-- @BeforeSuite extentReportSetup -->
  <testcase name="@AfterSuite flushExtentReport" time="0.0" classname="com.gamestop.resources.Base">
    <ignored/>
  </testcase> <!-- @AfterSuite flushExtentReport -->
  <testcase name="@AfterSuite flushExtentReport" time="0.0" classname="com.gamestop.resources.Base">
    <ignored/>
  </testcase> <!-- @AfterSuite flushExtentReport -->
  <testcase name="@AfterSuite flushExtentReport" time="0.0" classname="com.gamestop.resources.Base">
    <ignored/>
  </testcase> <!-- @AfterSuite flushExtentReport -->
</testsuite> <!-- Test -->
